0 verbose cli C:\Program Files\nodejs\node.exe C:\Users\AB\AppData\Roaming\npm\node_modules\npm\bin\npm-cli.js
1 info using npm@10.2.4
2 info using node@v20.10.0
3 timing npm:load:whichnode Completed in 3ms
4 timing config:load:defaults Completed in 5ms
5 timing config:load:file:C:\Users\AB\AppData\Roaming\npm\node_modules\npm\npmrc Completed in 7ms
6 timing config:load:builtin Completed in 8ms
7 timing config:load:cli Completed in 4ms
8 timing config:load:env Completed in 0ms
9 timing config:load:file:D:\reactmap\Desliting\Water\.npmrc Completed in 0ms
10 timing config:load:project Completed in 3ms
11 timing config:load:file:C:\Users\AB\.npmrc Completed in 1ms
12 timing config:load:user Completed in 1ms
13 timing config:load:file:C:\Users\AB\AppData\Roaming\npm\etc\npmrc Completed in 1ms
14 timing config:load:global Completed in 1ms
15 timing config:load:setEnvs Completed in 1ms
16 timing config:load Completed in 24ms
17 timing npm:load:configload Completed in 24ms
18 timing config:load:flatten Completed in 6ms
19 timing npm:load:mkdirpcache Completed in 4ms
20 timing npm:load:mkdirplogs Completed in 5ms
21 verbose title npm start
22 verbose argv "start" "--cache" "--clean"
23 timing npm:load:setTitle Completed in 1ms
24 timing npm:load:display Completed in 1ms
25 verbose logfile logs-max:10 dir:D:\reactmap\Desliting\Water\--clean\_logs\2024-10-21T08_06_35_851Z-
26 verbose logfile D:\reactmap\Desliting\Water\--clean\_logs\2024-10-21T08_06_35_851Z-debug-0.log
27 timing npm:load:logFile Completed in 18ms
28 timing npm:load:timers Completed in 0ms
29 timing npm:load:configScope Completed in 0ms
30 timing npm:load Completed in 119ms
31 silly logfile done cleaning log files
32 http fetch GET 200 https://registry.npmjs.org/npm 912ms (cache miss)
33 http fetch GET 200 https://registry.npmjs.org/npm 1240ms (cache miss)
34 timing command:run-script Completed in 238544ms
35 timing command:start Completed in 238588ms
36 notice
36 notice New [33mminor[39m version of npm available! [31m10.2.4[39m -> [32m10.9.0[39m
36 notice Changelog: [36mhttps://github.com/npm/cli/releases/tag/v10.9.0[39m
36 notice Run [32mnpm install -g npm@10.9.0[39m to update!
36 notice
37 verbose exit 0
38 timing npm Completed in 238961ms
39 info ok
